Jul 25 18:23 : exception: Failed to open '/home/kb/.config/mpd/mpdstate': No such file or directory
Jul 25 18:23 : update: added /05. IVE - WOW_LdZaNsAmOC8.mp3
Jul 25 18:23 : update: added /06. IVE - RESET_82fiBG45e28.mp3
Jul 25 18:23 : update: added /AUR - NO WAY TO NOWHERE - Raffey - Usama - Ahad (Official Music Video)_G2vAGaemIaI.mp3
Jul 25 18:23 : update: added /AUR - SHIKAYAT - Raffey - Usama - Ahad (Official Music Video)_QxddU3sjVRY.mp3
Jul 25 18:23 : update: added /AUR - TU HAI KAHAN - Raffey - Usama - Ahad (Official Music Video)_AX6OrbgS8lI.mp3
Jul 25 18:23 : update: added /BAEKHYUN 백현 'UN Village' MV_-EfjXQgE1e8.mp3
Jul 25 18:23 : update: added /CHEN & PUNCH - 'EVERYTIME' DOTS OST (EASY LYRICS)_whpZ4XZYvE4.mp3
Jul 25 18:23 : update: added /CHINTA TRIBAL RAIN_eARHYHeH2Gk.mp3
Jul 25 18:23 : update: added /CROWN _ Introduction _ New Life Album _ King_nbNbfiJszHw.mp3
Jul 25 18:23 : update: added /CRUSH (크러쉬) - _Beautiful (Golbin OST Pt.4)_ (Color Coded Lyrics Eng_Rom_Han_가사)_5_hE3XzxOYc.mp3
Jul 25 18:23 : update: added /Coolio - Gangsta's Paradise (feat. L.V.) [Official Music Video]_fPO76Jlnz6c.mp3
Jul 25 18:23 : update: added /EXO (엑소) - 'Electric Kiss' Lyrics [Color Coded KAN_ROM_ENG]_rl8hFZACMvE.mp3
Jul 25 18:23 : update: added /EXO 엑소 'Don't fight the feeling' MV_2IkoKhr6Tss.mp3
Jul 25 18:23 : update: added /EXO 엑소 'Monster' MV_KSH-FVVtTf0.mp3
Jul 25 18:23 : update: added /EXO 엑소 '으르렁 (Growl)' MV (Korean Ver.)_I3dezFzsNss.mp3
Jul 25 18:23 : update: added /EXO 엑소 '첫 눈 The First Snow' MV_qxrpa1mKpAk.mp3
Jul 25 18:23 : update: added /EXO-CBX (첸백시) '花요일 (Blooming Day)' MV_Ib674A1yMtg.mp3
Jul 25 18:23 : update: added /For You (너를 위해) - Chen, Baekhyun, Xiumin [HAN_ROM_ENG COLOR CODED LYRICS]_y72_r33ca88.mp3
Jul 25 18:23 : update: added /Goblin -Stay with me MV(OST)_op1QYwRAQpI.mp3
Jul 25 18:23 : update: added /IVE 아이브 '해야 (HEYA)' MV_07EzMbVH3QE.mp3
Jul 25 18:23 : update: added /KALEO - Way Down We Go (Official Music Video)_0-7IHOXkiV8.mp3
Jul 25 18:23 : update: added /Know me_l6FgLoc3O3g.mp3
Jul 25 18:23 : update: added /Kyun - Talha Anjum feat. Annural Khalid _ Prod. Umair (Official Audio)_EOa8UmVhw0c.mp3
Jul 25 18:23 : update: added /LOVE SCENARIO (사랑을 했다)_OmEPFmyKO74.mp3
Jul 25 18:23 : update: added /Lewis Capaldi - Someone You Loved (Lyrics)_FGGo8LFmbjs.mp3
Jul 25 18:23 : update: added /Maharani - Karun, Lambo Drive, Arpit Bala & Revo Lekhak (Official Music Video) _ Qabool Hai_N1s-GN1SWqY.mp3
Jul 25 18:23 : update: added /NewJeans (뉴진스) 'Super Shy' Official MV_ArmDp-zijuc.mp3
Jul 25 18:23 : update: added /SUNYATA, Tribal Rain_TOBaOTK1PMs.mp3
Jul 25 18:23 : update: added /Sajjan Raj Vaidya - Mooskaan [Official Lyrical Video]_suUZbb3zYw8.mp3
Jul 25 18:23 : update: added /Sajjan Raj Vaidya - Suna Kaanchi [Official Release]_17l66cbys_M.mp3
Jul 25 18:23 : update: added /Sugam Pokharel - Jadai Chu Tadha _ Monsoon & Dorje ft. Bishow cover_DswmXPSh8No.mp3
Jul 25 18:23 : update: added /Talha Anjum - At The Top _ Prod. by Umair (Official Audio)_W0JMngTSw6A.mp3
Jul 25 18:23 : update: added /Talha Anjum - Happy Hour _ Prod. by Jokhay (Official Audio)_wedNGWk-l0A.mp3
Jul 25 18:23 : update: added /Talha Anjum - Two Tone _ Prod. by Umair (Official Audio)_ya-ZdFansMo.mp3
Jul 25 18:23 : update: added /Tiger JK - Reset (Feat. Jinsil 진실 Of Mad Soul Child)_uTvDTZc4Agw.mp3
Jul 25 18:23 : update: added /Yoon Mirae (윤미래) - Always Lyrics (Han_Rom_Eng)_iUG-_sK-tBs.mp3
Jul 25 18:23 : update: added /[MV] CHEEZE(치즈) _ Today's Mood(오늘의 기분).mp3
Jul 25 18:23 : update: added /[MV] DAVICHI(다비치) - This Love(이 사랑) l Descendants of the Sun 태양의 후예 OST_XyzaMpAVm3s.mp3
Jul 25 18:23 : update: added /[MV] Gummy(거미) - You Are My Everything l Descendants of the Sun 태양의 후예 OST_ToASX6axGuw.mp3
Jul 25 18:23 : update: added /[MV] Heize(헤이즈) - Hold Me Back(멈춰줘)_jRRCWFLAO6k.mp3
Jul 25 18:23 : update: added /[M_V] Janet Suhh(자넷서) - In Silence_yvhfxMVVNgQ.mp3
Jul 25 18:23 : update: added /[달의 연인 - 보보경심 려 OST Part 2] 로꼬, 펀치 (Loco, Punch) - Say Yes MV_6GC8JF2FOgA.mp3
Jul 25 18:23 : update: added /basantaa_MBhZCx_EUwI.mp3
Jul 25 18:23 : update: added /샤이니 SHINee - STAND BY ME (Boys Over Flowers OST) (Han_Rom_Eng) Lyrics_BR-ynPJ1dj0.mp3
Jul 25 18:23 : update: added /파라다이스 Paradise_YFrjy7uAS48.mp3
Jul 25 18:28 : update: added /05. IVE - WOW_LdZaNsAmOC8.mp3
Jul 25 18:28 : update: added /06. IVE - RESET_82fiBG45e28.mp3
Jul 25 18:28 : update: added /AUR - NO WAY TO NOWHERE - Raffey - Usama - Ahad (Official Music Video)_G2vAGaemIaI.mp3
Jul 25 18:28 : update: added /AUR - SHIKAYAT - Raffey - Usama - Ahad (Official Music Video)_QxddU3sjVRY.mp3
Jul 25 18:28 : update: added /AUR - TU HAI KAHAN - Raffey - Usama - Ahad (Official Music Video)_AX6OrbgS8lI.mp3
Jul 25 18:28 : update: added /BAEKHYUN 백현 'UN Village' MV_-EfjXQgE1e8.mp3
Jul 25 18:28 : update: added /CHEN & PUNCH - 'EVERYTIME' DOTS OST (EASY LYRICS)_whpZ4XZYvE4.mp3
Jul 25 18:28 : update: added /CHINTA TRIBAL RAIN_eARHYHeH2Gk.mp3
Jul 25 18:28 : update: added /CROWN _ Introduction _ New Life Album _ King_nbNbfiJszHw.mp3
Jul 25 18:28 : update: added /CRUSH (크러쉬) - _Beautiful (Golbin OST Pt.4)_ (Color Coded Lyrics Eng_Rom_Han_가사)_5_hE3XzxOYc.mp3
Jul 25 18:28 : update: added /Coolio - Gangsta's Paradise (feat. L.V.) [Official Music Video]_fPO76Jlnz6c.mp3
Jul 25 18:28 : update: added /EXO (엑소) - 'Electric Kiss' Lyrics [Color Coded KAN_ROM_ENG]_rl8hFZACMvE.mp3
Jul 25 18:28 : update: added /EXO 엑소 'Don't fight the feeling' MV_2IkoKhr6Tss.mp3
Jul 25 18:28 : update: added /EXO 엑소 'Monster' MV_KSH-FVVtTf0.mp3
Jul 25 18:28 : update: added /EXO 엑소 '으르렁 (Growl)' MV (Korean Ver.)_I3dezFzsNss.mp3
Jul 25 18:28 : update: added /EXO 엑소 '첫 눈 The First Snow' MV_qxrpa1mKpAk.mp3
Jul 25 18:28 : update: added /EXO-CBX (첸백시) '花요일 (Blooming Day)' MV_Ib674A1yMtg.mp3
Jul 25 18:28 : update: added /For You (너를 위해) - Chen, Baekhyun, Xiumin [HAN_ROM_ENG COLOR CODED LYRICS]_y72_r33ca88.mp3
Jul 25 18:28 : update: added /Goblin -Stay with me MV(OST)_op1QYwRAQpI.mp3
Jul 25 18:28 : update: added /IVE 아이브 '해야 (HEYA)' MV_07EzMbVH3QE.mp3
Jul 25 18:28 : update: added /KALEO - Way Down We Go (Official Music Video)_0-7IHOXkiV8.mp3
Jul 25 18:28 : update: added /Know me_l6FgLoc3O3g.mp3
Jul 25 18:28 : update: added /Kyun - Talha Anjum feat. Annural Khalid _ Prod. Umair (Official Audio)_EOa8UmVhw0c.mp3
Jul 25 18:28 : update: added /LOVE SCENARIO (사랑을 했다)_OmEPFmyKO74.mp3
Jul 25 18:28 : update: added /Lewis Capaldi - Someone You Loved (Lyrics)_FGGo8LFmbjs.mp3
Jul 25 18:28 : update: added /Maharani - Karun, Lambo Drive, Arpit Bala & Revo Lekhak (Official Music Video) _ Qabool Hai_N1s-GN1SWqY.mp3
Jul 25 18:28 : update: added /NewJeans (뉴진스) 'Super Shy' Official MV_ArmDp-zijuc.mp3
Jul 25 18:28 : update: added /SUNYATA, Tribal Rain_TOBaOTK1PMs.mp3
Jul 25 18:28 : update: added /Sajjan Raj Vaidya - Mooskaan [Official Lyrical Video]_suUZbb3zYw8.mp3
Jul 25 18:28 : update: added /Sajjan Raj Vaidya - Suna Kaanchi [Official Release]_17l66cbys_M.mp3
Jul 25 18:28 : update: added /Sugam Pokharel - Jadai Chu Tadha _ Monsoon & Dorje ft. Bishow cover_DswmXPSh8No.mp3
Jul 25 18:28 : update: added /Talha Anjum - At The Top _ Prod. by Umair (Official Audio)_W0JMngTSw6A.mp3
Jul 25 18:28 : update: added /Talha Anjum - Happy Hour _ Prod. by Jokhay (Official Audio)_wedNGWk-l0A.mp3
Jul 25 18:28 : update: added /Talha Anjum - Two Tone _ Prod. by Umair (Official Audio)_ya-ZdFansMo.mp3
Jul 25 18:28 : update: added /Tiger JK - Reset (Feat. Jinsil 진실 Of Mad Soul Child)_uTvDTZc4Agw.mp3
Jul 25 18:28 : update: added /Yoon Mirae (윤미래) - Always Lyrics (Han_Rom_Eng)_iUG-_sK-tBs.mp3
Jul 25 18:28 : update: added /[MV] CHEEZE(치즈) _ Today's Mood(오늘의 기분).mp3
Jul 25 18:28 : update: added /[MV] DAVICHI(다비치) - This Love(이 사랑) l Descendants of the Sun 태양의 후예 OST_XyzaMpAVm3s.mp3
Jul 25 18:28 : update: added /[MV] Gummy(거미) - You Are My Everything l Descendants of the Sun 태양의 후예 OST_ToASX6axGuw.mp3
Jul 25 18:28 : update: added /[MV] Heize(헤이즈) - Hold Me Back(멈춰줘)_jRRCWFLAO6k.mp3
Jul 25 18:28 : update: added /[M_V] Janet Suhh(자넷서) - In Silence_yvhfxMVVNgQ.mp3
Jul 25 18:28 : update: added /[달의 연인 - 보보경심 려 OST Part 2] 로꼬, 펀치 (Loco, Punch) - Say Yes MV_6GC8JF2FOgA.mp3
Jul 25 18:28 : update: added /basantaa_MBhZCx_EUwI.mp3
Jul 25 18:28 : update: added /샤이니 SHINee - STAND BY ME (Boys Over Flowers OST) (Han_Rom_Eng) Lyrics_BR-ynPJ1dj0.mp3
Jul 25 18:28 : update: added /파라다이스 Paradise_YFrjy7uAS48.mp3
Jul 25 18:37 : exception: No such directory
Jul 25 18:37 : exception: No such directory
Jul 25 18:37 : exception: No such directory
Jul 25 18:38 : exception: No such directory
Jul 25 18:41 : exception: Access denied
Jul 25 18:43 : exception: Access denied
Jul 25 18:43 : exception: Access denied
Jul 25 18:44 : exception: Access denied
Jul 25 18:44 : exception: Access denied
Jul 25 18:44 : exception: Access denied
Jul 25 18:50 : player: played "Coolio - Gangsta's Paradise (feat. L.V.) [Official Music Video]_fPO76Jlnz6c.mp3"
Jul 25 18:54 : player: played "basantaa_MBhZCx_EUwI.mp3"
Jul 25 18:56 : player: played "[M_V] Janet Suhh(자넷서) - In Silence_yvhfxMVVNgQ.mp3"
Jul 25 19:00 : player: played "05. IVE - WOW_LdZaNsAmOC8.mp3"
Jul 25 21:33 : player: played "06. IVE - RESET_82fiBG45e28.mp3"
Jul 26 05:58 : player: played "06. IVE - RESET_82fiBG45e28.mp3"
Jul 26 08:05 : player: played "06. IVE - RESET_82fiBG45e28.mp3"
Jul 26 15:41 : player: played "06. IVE - RESET_82fiBG45e28.mp3"
Jul 26 21:26 : player: played "06. IVE - RESET_82fiBG45e28.mp3"
Jul 27 11:41 : player: played "06. IVE - RESET_82fiBG45e28.mp3"
Jul 27 11:52 : player: played "06. IVE - RESET_82fiBG45e28.mp3"
Jul 27 12:07 : player: played "06. IVE - RESET_82fiBG45e28.mp3"
Jul 27 12:52 : player: played "06. IVE - RESET_82fiBG45e28.mp3"
Jul 27 16:17 : player: played "06. IVE - RESET_82fiBG45e28.mp3"
Jul 27 21:45 : player: played "06. IVE - RESET_82fiBG45e28.mp3"
Jul 28 05:02 : player: played "06. IVE - RESET_82fiBG45e28.mp3"
Jul 28 08:03 : player: played "06. IVE - RESET_82fiBG45e28.mp3"
Jul 28 21:06 : player: played "basantaa_MBhZCx_EUwI.mp3"
Jul 28 21:10 : player: played "샤이니 SHINee - STAND BY ME (Boys Over Flowers OST) (Han_Rom_Eng) Lyrics_BR-ynPJ1dj0.mp3"
Jul 28 21:13 : player: played "파라다이스 Paradise_YFrjy7uAS48.mp3"
Jul 28 21:16 : player: played "05. IVE - WOW_LdZaNsAmOC8.mp3"
Jul 28 21:24 : player: played "[MV] DAVICHI(다비치) - This Love(이 사랑) l Descendants of the Sun 태양의 후예 OST_XyzaMpAVm3s.mp3"
Jul 28 21:35 : player: played "06. IVE - RESET_82fiBG45e28.mp3"
Jul 28 21:35 : player: played "AUR - NO WAY TO NOWHERE - Raffey - Usama - Ahad (Official Music Video)_G2vAGaemIaI.mp3"
Jul 28 21:35 : player: played "AUR - NO WAY TO NOWHERE - Raffey - Usama - Ahad (Official Music Video)_G2vAGaemIaI.mp3"
Jul 28 21:37 : player: played "AUR - NO WAY TO NOWHERE - Raffey - Usama - Ahad (Official Music Video)_G2vAGaemIaI.mp3"
Jul 28 21:51 : player: played "AUR - SHIKAYAT - Raffey - Usama - Ahad (Official Music Video)_QxddU3sjVRY.mp3"
Jul 29 08:02 : player: played "AUR - SHIKAYAT - Raffey - Usama - Ahad (Official Music Video)_QxddU3sjVRY.mp3"
Jul 29 22:19 : player: played "AUR - SHIKAYAT - Raffey - Usama - Ahad (Official Music Video)_QxddU3sjVRY.mp3"
Jul 30 11:47 : player: played "AUR - SHIKAYAT - Raffey - Usama - Ahad (Official Music Video)_QxddU3sjVRY.mp3"
Jul 30 15:38 : player: played "AUR - SHIKAYAT - Raffey - Usama - Ahad (Official Music Video)_QxddU3sjVRY.mp3"
Jul 30 16:40 : player: played "AUR - SHIKAYAT - Raffey - Usama - Ahad (Official Music Video)_QxddU3sjVRY.mp3"
Jul 30 20:20 : player: played "AUR - SHIKAYAT - Raffey - Usama - Ahad (Official Music Video)_QxddU3sjVRY.mp3"
Jul 30 22:11 : player: played "AUR - SHIKAYAT - Raffey - Usama - Ahad (Official Music Video)_QxddU3sjVRY.mp3"
Jul 31 05:38 : player: played "AUR - SHIKAYAT - Raffey - Usama - Ahad (Official Music Video)_QxddU3sjVRY.mp3"
Jul 31 07:57 : player: played "AUR - SHIKAYAT - Raffey - Usama - Ahad (Official Music Video)_QxddU3sjVRY.mp3"
Jul 31 22:26 : player: played "AUR - SHIKAYAT - Raffey - Usama - Ahad (Official Music Video)_QxddU3sjVRY.mp3"
Aug 01 08:03 : player: played "AUR - SHIKAYAT - Raffey - Usama - Ahad (Official Music Video)_QxddU3sjVRY.mp3"
Aug 01 22:10 : player: played "AUR - SHIKAYAT - Raffey - Usama - Ahad (Official Music Video)_QxddU3sjVRY.mp3"
Aug 02 06:10 : player: played "AUR - SHIKAYAT - Raffey - Usama - Ahad (Official Music Video)_QxddU3sjVRY.mp3"
Aug 02 08:02 : player: played "AUR - SHIKAYAT - Raffey - Usama - Ahad (Official Music Video)_QxddU3sjVRY.mp3"
Aug 02 11:43 : player: played "AUR - SHIKAYAT - Raffey - Usama - Ahad (Official Music Video)_QxddU3sjVRY.mp3"
Aug 02 12:51 : player: played "AUR - SHIKAYAT - Raffey - Usama - Ahad (Official Music Video)_QxddU3sjVRY.mp3"
Aug 02 13:07 : player: played "AUR - SHIKAYAT - Raffey - Usama - Ahad (Official Music Video)_QxddU3sjVRY.mp3"
Aug 02 16:42 : player: played "AUR - SHIKAYAT - Raffey - Usama - Ahad (Official Music Video)_QxddU3sjVRY.mp3"
Aug 02 17:44 : player: played "AUR - SHIKAYAT - Raffey - Usama - Ahad (Official Music Video)_QxddU3sjVRY.mp3"
Aug 02 21:46 : player: played "AUR - SHIKAYAT - Raffey - Usama - Ahad (Official Music Video)_QxddU3sjVRY.mp3"
Aug 03 16:05 : player: played "AUR - SHIKAYAT - Raffey - Usama - Ahad (Official Music Video)_QxddU3sjVRY.mp3"
Aug 03 20:16 : player: played "AUR - SHIKAYAT - Raffey - Usama - Ahad (Official Music Video)_QxddU3sjVRY.mp3"
Aug 03 21:59 : player: played "AUR - SHIKAYAT - Raffey - Usama - Ahad (Official Music Video)_QxddU3sjVRY.mp3"
Aug 03 22:22 : player: played "AUR - SHIKAYAT - Raffey - Usama - Ahad (Official Music Video)_QxddU3sjVRY.mp3"
Aug 04 14:45 : player: played "AUR - SHIKAYAT - Raffey - Usama - Ahad (Official Music Video)_QxddU3sjVRY.mp3"
Aug 04 20:48 : player: played "AUR - SHIKAYAT - Raffey - Usama - Ahad (Official Music Video)_QxddU3sjVRY.mp3"
Aug 05 15:36 : player: played "AUR - SHIKAYAT - Raffey - Usama - Ahad (Official Music Video)_QxddU3sjVRY.mp3"
Aug 05 22:23 : player: played "AUR - SHIKAYAT - Raffey - Usama - Ahad (Official Music Video)_QxddU3sjVRY.mp3"
Aug 06 11:42 : player: played "AUR - SHIKAYAT - Raffey - Usama - Ahad (Official Music Video)_QxddU3sjVRY.mp3"
Aug 06 15:13 : player: played "AUR - SHIKAYAT - Raffey - Usama - Ahad (Official Music Video)_QxddU3sjVRY.mp3"
Aug 06 15:22 : player: played "AUR - SHIKAYAT - Raffey - Usama - Ahad (Official Music Video)_QxddU3sjVRY.mp3"
Aug 06 22:10 : player: played "AUR - SHIKAYAT - Raffey - Usama - Ahad (Official Music Video)_QxddU3sjVRY.mp3"
Aug 07 18:21 : player: played "AUR - SHIKAYAT - Raffey - Usama - Ahad (Official Music Video)_QxddU3sjVRY.mp3"
Aug 07 21:50 : player: played "AUR - SHIKAYAT - Raffey - Usama - Ahad (Official Music Video)_QxddU3sjVRY.mp3"
Aug 08 17:00 : player: played "AUR - SHIKAYAT - Raffey - Usama - Ahad (Official Music Video)_QxddU3sjVRY.mp3"
Aug 08 22:01 : player: played "AUR - SHIKAYAT - Raffey - Usama - Ahad (Official Music Video)_QxddU3sjVRY.mp3"
Aug 09 21:22 : player: played "AUR - SHIKAYAT - Raffey - Usama - Ahad (Official Music Video)_QxddU3sjVRY.mp3"
Aug 09 23:32 : player: played "AUR - SHIKAYAT - Raffey - Usama - Ahad (Official Music Video)_QxddU3sjVRY.mp3"
Aug 10 22:29 : player: played "AUR - SHIKAYAT - Raffey - Usama - Ahad (Official Music Video)_QxddU3sjVRY.mp3"
Aug 11 08:06 : player: played "AUR - SHIKAYAT - Raffey - Usama - Ahad (Official Music Video)_QxddU3sjVRY.mp3"
Aug 11 18:25 : player: played "AUR - SHIKAYAT - Raffey - Usama - Ahad (Official Music Video)_QxddU3sjVRY.mp3"
Aug 11 20:39 : player: played "AUR - SHIKAYAT - Raffey - Usama - Ahad (Official Music Video)_QxddU3sjVRY.mp3"
Aug 11 22:00 : player: played "AUR - SHIKAYAT - Raffey - Usama - Ahad (Official Music Video)_QxddU3sjVRY.mp3"
Aug 12 09:41 : player: played "AUR - SHIKAYAT - Raffey - Usama - Ahad (Official Music Video)_QxddU3sjVRY.mp3"
Aug 12 12:15 : player: played "AUR - SHIKAYAT - Raffey - Usama - Ahad (Official Music Video)_QxddU3sjVRY.mp3"
Aug 12 22:15 : player: played "AUR - SHIKAYAT - Raffey - Usama - Ahad (Official Music Video)_QxddU3sjVRY.mp3"
Aug 13 20:37 : player: played "AUR - SHIKAYAT - Raffey - Usama - Ahad (Official Music Video)_QxddU3sjVRY.mp3"
Aug 15 00:00 : player: played "AUR - SHIKAYAT - Raffey - Usama - Ahad (Official Music Video)_QxddU3sjVRY.mp3"
Aug 15 22:43 : player: played "AUR - SHIKAYAT - Raffey - Usama - Ahad (Official Music Video)_QxddU3sjVRY.mp3"
Aug 16 18:42 : player: played "AUR - SHIKAYAT - Raffey - Usama - Ahad (Official Music Video)_QxddU3sjVRY.mp3"
Aug 16 23:01 : player: played "AUR - SHIKAYAT - Raffey - Usama - Ahad (Official Music Video)_QxddU3sjVRY.mp3"
Aug 17 21:45 : player: played "AUR - SHIKAYAT - Raffey - Usama - Ahad (Official Music Video)_QxddU3sjVRY.mp3"
Aug 18 08:01 : player: played "AUR - SHIKAYAT - Raffey - Usama - Ahad (Official Music Video)_QxddU3sjVRY.mp3"
Aug 18 14:00 : player: played "AUR - SHIKAYAT - Raffey - Usama - Ahad (Official Music Video)_QxddU3sjVRY.mp3"
Aug 19 02:03 : player: played "AUR - SHIKAYAT - Raffey - Usama - Ahad (Official Music Video)_QxddU3sjVRY.mp3"
Aug 19 21:10 : player: played "AUR - SHIKAYAT - Raffey - Usama - Ahad (Official Music Video)_QxddU3sjVRY.mp3"
Aug 20 15:53 : player: played "AUR - SHIKAYAT - Raffey - Usama - Ahad (Official Music Video)_QxddU3sjVRY.mp3"
Aug 20 18:49 : player: played "AUR - SHIKAYAT - Raffey - Usama - Ahad (Official Music Video)_QxddU3sjVRY.mp3"
Aug 20 22:05 : player: played "AUR - SHIKAYAT - Raffey - Usama - Ahad (Official Music Video)_QxddU3sjVRY.mp3"
Aug 21 19:46 : player: played "AUR - SHIKAYAT - Raffey - Usama - Ahad (Official Music Video)_QxddU3sjVRY.mp3"
Aug 21 22:29 : player: played "AUR - SHIKAYAT - Raffey - Usama - Ahad (Official Music Video)_QxddU3sjVRY.mp3"
Aug 22 16:15 : player: played "AUR - SHIKAYAT - Raffey - Usama - Ahad (Official Music Video)_QxddU3sjVRY.mp3"
Aug 22 16:18 : player: played "AUR - SHIKAYAT - Raffey - Usama - Ahad (Official Music Video)_QxddU3sjVRY.mp3"
Aug 22 16:30 : player: played "AUR - SHIKAYAT - Raffey - Usama - Ahad (Official Music Video)_QxddU3sjVRY.mp3"
Aug 22 16:31 : player: played "AUR - SHIKAYAT - Raffey - Usama - Ahad (Official Music Video)_QxddU3sjVRY.mp3"
Aug 22 16:56 : player: played "AUR - SHIKAYAT - Raffey - Usama - Ahad (Official Music Video)_QxddU3sjVRY.mp3"
Aug 22 17:18 : player: played "AUR - SHIKAYAT - Raffey - Usama - Ahad (Official Music Video)_QxddU3sjVRY.mp3"
Aug 22 18:22 : player: played "AUR - SHIKAYAT - Raffey - Usama - Ahad (Official Music Video)_QxddU3sjVRY.mp3"
Aug 22 22:40 : player: played "AUR - SHIKAYAT - Raffey - Usama - Ahad (Official Music Video)_QxddU3sjVRY.mp3"
Aug 24 02:34 : player: played "AUR - SHIKAYAT - Raffey - Usama - Ahad (Official Music Video)_QxddU3sjVRY.mp3"
Aug 24 18:19 : player: played "AUR - SHIKAYAT - Raffey - Usama - Ahad (Official Music Video)_QxddU3sjVRY.mp3"
Aug 24 23:25 : player: played "AUR - SHIKAYAT - Raffey - Usama - Ahad (Official Music Video)_QxddU3sjVRY.mp3"
Aug 25 08:10 : player: played "AUR - SHIKAYAT - Raffey - Usama - Ahad (Official Music Video)_QxddU3sjVRY.mp3"
Aug 25 22:07 : player: played "AUR - SHIKAYAT - Raffey - Usama - Ahad (Official Music Video)_QxddU3sjVRY.mp3"
Aug 26 22:12 : player: played "AUR - SHIKAYAT - Raffey - Usama - Ahad (Official Music Video)_QxddU3sjVRY.mp3"
Aug 26 22:44 : player: played "AUR - SHIKAYAT - Raffey - Usama - Ahad (Official Music Video)_QxddU3sjVRY.mp3"
Aug 27 16:54 : player: played "AUR - SHIKAYAT - Raffey - Usama - Ahad (Official Music Video)_QxddU3sjVRY.mp3"
Aug 27 23:53 : player: played "AUR - SHIKAYAT - Raffey - Usama - Ahad (Official Music Video)_QxddU3sjVRY.mp3"
